2014-05-28 23:54:36.782 FindMyFriends[31172:70b] Multi-tasking -> Device: YES, App: YES
2014-05-28 23:54:36.811 FindMyFriends[31172:70b] Unlimited access to network resources
2014-05-28 23:54:36.815 FindMyFriends[31172:70b] 

Started backup to iCloud! Please be careful.
Your application might rejected by Apple if you store too much data.
For more information please read "iOS Data Storage Guidelines"
You could find it at the following address https://developer.apple.com/icloud/documentation/data-storage/ .

2014-05-28 23:54:37.340 FindMyFriends[31172:70b] active
2014-05-28 23:54:37.432 FindMyFriends[31172:70b] Resetting plugins due to page load.
2014-05-28 23:54:39.183 FindMyFriends[31172:70b] Finished load of: file:///Users/pedro/Library/Application%20Support/iPhone%20Simulator/7.1/Applications/38F791C0-2F37-4BD7-845D-9B8A81A1F0DD/FindMyFriends.app/www/index.html#/login
2014-05-28 23:55:07.325 FindMyFriends[31172:70b] THREAD WARNING: ['InAppBrowser'] took '180.163818' ms. Plugin should use a background thread.
2014-05-28 23:55:15.899 FindMyFriends[31172:70b] active
2014-05-28 23:55:17.036 FindMyFriends[31172:70b] CDVWebViewDelegate: Navigation started when state=1
2014-05-28 23:55:17.036 FindMyFriends[31172:70b] Failed to load webpage with error: CDVWebViewDelegate: Navigation started when state=1
2014-05-28 23:55:17.037 FindMyFriends[31172:70b] Resetting plugins due to page load.
2014-05-28 23:55:17.037 FindMyFriends[31172:70b] IAB.close() called but it was already closed.
2014-05-28 23:55:17.393 FindMyFriends[31172:70b] Failed to load webpage with error: The URL can’t be shown
2014-05-28 23:55:18.488 FindMyFriends[31172:70b] Resetting plugins due to page load.
2014-05-28 23:55:18.489 FindMyFriends[31172:70b] IAB.close() called but it was already closed.
2014-05-28 23:55:19.754 FindMyFriends[31172:70b] Finished load of: https://maps.google.com/maps?q=41.152316,-8.600154&ll=41.152316,-8.600154
2014-05-29 00:04:26.784 FindMyFriends[33388:70b] Multi-tasking -> Device: YES, App: YES
2014-05-29 00:04:26.793 FindMyFriends[33388:70b] Unlimited access to network resources
2014-05-29 00:04:26.796 FindMyFriends[33388:70b] 

Started backup to iCloud! Please be careful.
Your application might rejected by Apple if you store too much data.
For more information please read "iOS Data Storage Guidelines"
You could find it at the following address https://developer.apple.com/icloud/documentation/data-storage/ .

2014-05-29 00:04:26.829 FindMyFriends[33388:70b] active
2014-05-29 00:04:26.905 FindMyFriends[33388:70b] Resetting plugins due to page load.
2014-05-29 00:04:28.874 FindMyFriends[33388:70b] Finished load of: file:///Users/pedro/Library/Application%20Support/iPhone%20Simulator/7.1/Applications/38F791C0-2F37-4BD7-845D-9B8A81A1F0DD/FindMyFriends.app/www/index.html#/friend/1
2014-05-29 00:04:32.375 FindMyFriends[33388:70b] THREAD WARNING: ['InAppBrowser'] took '176.228027' ms. Plugin should use a background thread.
2014-05-29 00:04:42.062 FindMyFriends[33388:70b] active
2014-05-29 00:17:14.454 FindMyFriends[35239:70b] Multi-tasking -> Device: YES, App: YES
2014-05-29 00:17:14.464 FindMyFriends[35239:70b] Unlimited access to network resources
2014-05-29 00:17:14.468 FindMyFriends[35239:70b] 

Started backup to iCloud! Please be careful.
Your application might rejected by Apple if you store too much data.
For more information please read "iOS Data Storage Guidelines"
You could find it at the following address https://developer.apple.com/icloud/documentation/data-storage/ .

2014-05-29 00:17:14.507 FindMyFriends[35239:70b] active
2014-05-29 00:17:14.598 FindMyFriends[35239:70b] Resetting plugins due to page load.
2014-05-29 00:17:16.026 FindMyFriends[35239:70b] Finished load of: file:///Users/pedro/Library/Application%20Support/iPhone%20Simulator/7.1/Applications/38F791C0-2F37-4BD7-845D-9B8A81A1F0DD/FindMyFriends.app/www/index.html#/home
2014-05-29 00:17:46.735 FindMyFriends[35239:70b] THREAD WARNING: ['InAppBrowser'] took '177.853027' ms. Plugin should use a background thread.
2014-05-29 00:17:51.862 FindMyFriends[35239:70b] active
